<?xml version="1.0" encoding="UTF-8"?>
<!-- Generated by org.testng.reporters.JUnitReportReporter -->
<testsuite hostname="Atul-PC" name="dbmi.hms.harvard.edu.testplans.TestNG" tests="1" failures="0" timestamp="5 Dec 2017 02:41:52 GMT" time="12.539" errors="0">
  <testcase name="testsafari" time="12.539" classname="dbmi.hms.harvard.edu.testplans.TestNG"/>
</testsuite> <!-- dbmi.hms.harvard.edu.testplans.TestNG -->
