<?xml version="1.0" encoding="UTF-8"?>
<!-- Generated by org.testng.reporters.JUnitReportReporter -->
<testsuite hostname="Atul-PC" name="dbmi.hms.harvard.edu.examples.SimpleExample" tests="1" failures="0" timestamp="27 Dec 2017 00:33:43 GMT" time="27.921" errors="0">
  <testcase name="testngtest" time="27.921" classname="dbmi.hms.harvard.edu.examples.SimpleExample"/>
</testsuite> <!-- dbmi.hms.harvard.edu.examples.SimpleExample -->
